Code/app/build/intermediates/manifest_merge_blame_file/debug/manifest-merger-blame-debug-report.txt
1<?xml version="1.0" encoding="utf-8"?>
2<manifest xmlns:android="http://schemas.android.com/apk/res/android"
3    package="com.cs4125.bookingapp"
4    android:versionCode="1"
5    android:versionName="1.0" >
6
7    <uses-sdk
8        android:minSdkVersion="23"
8-->src\main\AndroidManifest.xml
9        android:targetSdkVersion="29" />
9-->src\main\AndroidManifest.xml
10
11    <!-- Internet Permission -->
12    <uses-permission android:name="android.permission.INTERNET" />
12-->src\main\AndroidManifest.xml:6:5-67
12-->src\main\AndroidManifest.xml:6:22-64
13
14    <!-- Permission will be merged into the manifest of the hosting app. -->
15    <!-- Is required to launch foreground extraction service for targetSdkVersion 28+. -->
16    <uses-permission android:name="android.permission.FOREGROUND_SERVICE" />
16-->[com.google.android.play:core:1.7.2] AndroidManifest.xml:8:3-74
16-->[com.google.android.play:core:1.7.2] AndroidManifest.xml:8:20-72
17
18    <application
18-->src\main\AndroidManifest.xml:8:5-24:19
19        android:allowBackup="true"
19-->src\main\AndroidManifest.xml:9:9-35
20        android:appComponentFactory="androidx.core.app.CoreComponentFactory"
20-->[androidx.core:core:1.5.0-alpha01] AndroidManifest.xml:24:18-86
21        android:debuggable="true"
22        android:extractNativeLibs="false"
23        android:icon="@mipmap/ic_launcher"
23-->src\main\AndroidManifest.xml:10:9-43
24        android:label="@string/app_name"
24-->src\main\AndroidManifest.xml:11:9-41
25        android:roundIcon="@mipmap/ic_launcher_round"
25-->src\main\AndroidManifest.xml:12:9-54
26        android:supportsRtl="true"
26-->src\main\AndroidManifest.xml:13:9-35
27        android:testOnly="true"
28        android:theme="@style/Theme.BookingApp"
28-->src\main\AndroidManifest.xml:14:9-48
29        android:usesCleartextTraffic="true" >
29-->src\main\AndroidManifest.xml:15:9-44
30        <activity
30-->src\main\AndroidManifest.xml:16:9-23:20
31            android:name="com.cs4125.bookingapp.ui.main.MainActivity"
31-->src\main\AndroidManifest.xml:16:19-55
32            android:screenOrientation="portrait" >
32-->src\main\AndroidManifest.xml:17:13-49
33            <intent-filter>
33-->src\main\AndroidManifest.xml:18:13-22:29
34                <action android:name="android.intent.action.MAIN" />
34-->src\main\AndroidManifest.xml:19:17-69
34-->src\main\AndroidManifest.xml:19:25-66
35
36                <category android:name="android.intent.category.LAUNCHER" />
36-->src\main\AndroidManifest.xml:21:17-77
36-->src\main\AndroidManifest.xml:21:27-74
37            </intent-filter>
38        </activity>
39
40        <provider
40-->[androidx.lifecycle:lifecycle-process:2.2.0] AndroidManifest.xml:25:9-29:43
41            android:name="androidx.lifecycle.ProcessLifecycleOwnerInitializer"
41-->[androidx.lifecycle:lifecycle-process:2.2.0] AndroidManifest.xml:26:13-79
42            android:authorities="com.cs4125.bookingapp.lifecycle-process"
42-->[androidx.lifecycle:lifecycle-process:2.2.0] AndroidManifest.xml:27:13-69
43            android:exported="false"
43-->[androidx.lifecycle:lifecycle-process:2.2.0] AndroidManifest.xml:28:13-37
44            android:multiprocess="true" /> <!-- The activities will be merged into the manifest of the hosting app. -->
44-->[androidx.lifecycle:lifecycle-process:2.2.0] AndroidManifest.xml:29:13-40
45        <activity
45-->[com.google.android.play:core:1.7.2] AndroidManifest.xml:12:5-271
46            android:name="com.google.android.play.core.missingsplits.PlayCoreMissingSplitsActivity"
46-->[com.google.android.play:core:1.7.2] AndroidManifest.xml:12:15-102
47            android:enabled="false"
47-->[com.google.android.play:core:1.7.2] AndroidManifest.xml:12:103-126
48            android:exported="false"
48-->[com.google.android.play:core:1.7.2] AndroidManifest.xml:12:127-151
49            android:launchMode="singleInstance"
49-->[com.google.android.play:core:1.7.2] AndroidManifest.xml:12:204-239
50            android:process=":playcore_missing_splits_activity"
50-->[com.google.android.play:core:1.7.2] AndroidManifest.xml:12:152-203
51            android:stateNotNeeded="true" />
51-->[com.google.android.play:core:1.7.2] AndroidManifest.xml:12:240-269
52        <activity
52-->[com.google.android.play:core:1.7.2] AndroidManifest.xml:13:5-226
53            android:name="com.google.android.play.core.common.PlayCoreDialogWrapperActivity"
53-->[com.google.android.play:core:1.7.2] AndroidManifest.xml:13:15-95
54            android:enabled="false"
54-->[com.google.android.play:core:1.7.2] AndroidManifest.xml:13:96-119
55            android:exported="false"
55-->[com.google.android.play:core:1.7.2] AndroidManifest.xml:13:120-144
56            android:stateNotNeeded="true"
56-->[com.google.android.play:core:1.7.2] AndroidManifest.xml:13:145-174
57            android:theme="@style/Theme.PlayCore.Transparent" /> <!-- The service will be merged into the manifest of the hosting app. -->
57-->[com.google.android.play:core:1.7.2] AndroidManifest.xml:13:175-224
58        <service
58-->[com.google.android.play:core:1.7.2] AndroidManifest.xml:16:5-145
59            android:name="com.google.android.play.core.assetpacks.AssetPackExtractionService"
59-->[com.google.android.play:core:1.7.2] AndroidManifest.xml:16:14-95
60            android:enabled="false"
60-->[com.google.android.play:core:1.7.2] AndroidManifest.xml:16:96-119
61            android:exported="true" />
61-->[com.google.android.play:core:1.7.2] AndroidManifest.xml:16:120-143
62    </application>
63
64</manifest>